#
# A fatal error has been detected by the Java Runtime Environment:
#
#  SIGSEGV (0xb) at pc=0x000000010cfa982d, pid=15210, tid=0x0000000000001a07
#
# JRE version: Java(TM) SE Runtime Environment (8.0_102-b14) (build 1.8.0_102-b14)
# Java VM: Java HotSpot(TM) 64-Bit Server VM (25.102-b14 mixed mode bsd-amd64 compressed oops)
# Problematic frame:
# V  [libjvm.dylib+0x1a982d]  oopDesc::size()+0x2d
#
# Failed to write core dump. Core dumps have been disabled. To enable core dumping, try "ulimit -c unlimited" before starting Java again
#
# If you would like to submit a bug report, please visit:
#   http://bugreport.java.com/bugreport/crash.jsp
#

---------------  T H R E A D  ---------------

Current thread (0x00007fe9eb01c800):  GCTaskThread [stack: 0x000070000021d000,0x000070000031d000] [id=6663]

siginfo: si_signo: 11 (SIGSEGV), si_code: 1 (SEGV_MAPERR), si_addr: 0x0000000000000008

Registers:
RAX=0x000000010d63caa0, RBX=0x00007fe9eac30d00, RCX=0x0000000000069d03, RDX=0x000000000034e801
RSP=0x000070000031cc20, RBP=0x000070000031cc20, RSI=0x00000006c1a743d0, RDI=0x0000000000000000
R8 =0x0000000000000801, R9 =0x00000000000091b2, R10=0x0000000000000001, R11=0x0000000000020000
R12=0x0000000000003b33, R13=0x0000000704d2f744, R14=0x00000006c1a743d0, R15=0x00007fe9eac30d00
RIP=0x000000010cfa982d, EFLAGS=0x0000000000010246, ERR=0x0000000000000004
  TRAPNO=0x000000000000000e

Top of Stack: (sp=0x000070000031cc20)
0x000070000031cc20:   000070000031cc50 000000010d0c2a8c
0x000070000031cc30:   0000000000007b82 0000000704d20a68
0x000070000031cc40:   0000000000003c00 00007fe9eac30d00
0x000070000031cc50:   000070000031ccc0 000000010d279708
0x000070000031cc60:   0000000000007b82 0000000704d20a68
0x000070000031cc70:   0000700000003a00 000000010d0bf3da
0x000070000031cc80:   00007fe9eac30d00 00000007042023d8
0x000070000031cc90:   0000000000000000 00007fe9eac30d00
0x000070000031cca0:   0000000704d20a68 0000000000003a00
0x000070000031ccb0:   00007fe9eac30d08 000000010d63caa0
0x000070000031ccc0:   000070000031cd50 000000010d2bb6da
0x000070000031ccd0:   0000700000000200 00007fe9eac30d40
0x000070000031cce0:   00007fe9eac30d88 00007fe9eac30dc0
0x000070000031ccf0:   0000000704d20a68 0000000700003a00
0x000070000031cd00:   00000007042023d8 000112a900000386
0x000070000031cd10:   00007fe9eac30d00 00000007c001c6f0
0x000070000031cd20:   0000070e000011a0 0000000000000000
0x000070000031cd30:   000070000031cd80 000000010d63caa0
0x000070000031cd40:   00007fe9eac30d00 000070000031cd6c
0x000070000031cd50:   000070000031cdb0 000000010d2add4b
0x000070000031cd60:   00007fe9ec051040 0dc2b65a0d075c87
0x000070000031cd70:   0000000000000000 0000000000000000
0x000070000031cd80:   0000000766ea1388 00007fe9eb01c800
0x000070000031cd90:   0000000000000000 000000010d4117c0
0x000070000031cda0:   00007fe9ec051040 0000000000000001
0x000070000031cdb0:   000070000031ce90 000000010d0761ff
0x000070000031cdc0:   000070000031cdf0 00007fe9eac20670
0x000070000031cdd0:   00007fe9eac206a0 00007fe9eac206b0
0x000070000031cde0:   00007fe9eac20a88 00000000000003d8
0x000070000031cdf0:   00007fe9eb01c800 00007fe9eac20a90
0x000070000031ce00:   00007fe9eac20ad0 00007fe9eac20ae0
0x000070000031ce10:   00007fe9eac20bb8 00000000000000d8 

Instructions: (pc=0x000000010cfa982d)
0x000000010cfa980d:   84 d2 48 89 fe 74 15 48 8d 05 85 32 69 00 8a 48
0x000000010cfa981d:   08 8b 7e 08 48 d3 e7 48 03 38 eb 04 48 8b 7e 08
0x000000010cfa982d:   8b 47 08 85 c0 7e 09 a8 01 75 4e c1 f8 03 eb 47
0x000000010cfa983d:   85 c0 7f 43 85 c0 79 41 84 d2 0f 94 c1 0f b6 c9 

Register to memory mapping:

RAX=0x000000010d63caa0: _ZN8Universe13_narrow_klassE+0 in /Library/Java/JavaVirtualMachines/jdk1.8.0_102.jdk/Contents/Home/jre/lib/server/libjvm.dylib at 0x000000010ce00000
RBX=0x00007fe9eac30d00 is an unknown value
RCX=0x0000000000069d03 is an unknown value
RDX=0x000000000034e801 is an unknown value
RSP=0x000070000031cc20 is an unknown value
RBP=0x000070000031cc20 is an unknown value
RSI=0x00000006c1a743d0 is pointing into object: 0x00000006c1a70318
[Ljava.lang.Object; 
 - klass: 'java/lang/Object'[]
 - length: 4164
RDI=0x0000000000000000 is an unknown value
R8 =0x0000000000000801 is an unknown value
R9 =0x00000000000091b2 is an unknown value
R10=0x0000000000000001 is an unknown value
R11=0x0000000000020000 is an unknown value
R12=0x0000000000003b33 is an unknown value
R13=0x0000000704d2f744 is pointing into object: 0x0000000704d20a68
[Ljava.lang.Object; 
 - klass: 'java/lang/Object'[]
 - length: 31618
R14=0x00000006c1a743d0 is pointing into object: 0x00000006c1a70318
[Ljava.lang.Object; 
 - klass: 'java/lang/Object'[]
 - length: 4164
R15=0x00007fe9eac30d00 is an unknown value


Stack: [0x000070000021d000,0x000070000031d000],  sp=0x000070000031cc20,  free space=1023k
Native frames: (J=compiled Java code, j=interpreted, Vv=VM code, C=native code)
V  [libjvm.dylib+0x1a982d]  oopDesc::size()+0x2d
V  [libjvm.dylib+0x2c2a8c]  void PSParallelCompact::mark_and_push<unsigned int>(ParCompactionManager*, unsigned int*)+0x6a
V  [libjvm.dylib+0x479708]  void ObjArrayKlass::objarray_follow_contents<unsigned int>(ParCompactionManager*, oopDesc*, int)+0x66
V  [libjvm.dylib+0x4bb6da]  ParCompactionManager::follow_marking_stacks()+0x252
V  [libjvm.dylib+0x4add4b]  StealMarkingTask::do_it(GCTaskManager*, unsigned int)+0xd1
V  [libjvm.dylib+0x2761ff]  GCTaskThread::run()+0x1a1
V  [libjvm.dylib+0x489ed2]  java_start(Thread*)+0xf6
C  [libsystem_pthread.dylib+0x3c13]  _pthread_body+0x83
C  [libsystem_pthread.dylib+0x3b90]  _pthread_body+0x0
C  [libsystem_pthread.dylib+0x1375]  thread_start+0xd


---------------  P R O C E S S  ---------------

Java Threads: ( => current thread )
  0x00007fe9ec003000 JavaThread "Service Thread" daemon [_thread_blocked, id=21507, stack(0x00007000013d6000,0x00007000014d6000)]
  0x00007fe9eb80c000 JavaThread "C1 CompilerThread3" daemon [_thread_blocked, id=20995, stack(0x00007000012d3000,0x00007000013d3000)]
  0x00007fe9ec002000 JavaThread "C2 CompilerThread2" daemon [_thread_blocked, id=20483, stack(0x00007000011d0000,0x00007000012d0000)]
  0x00007fe9eb04c800 JavaThread "C2 CompilerThread1" daemon [_thread_blocked, id=19971, stack(0x00007000010cd000,0x00007000011cd000)]
  0x00007fe9eb04b000 JavaThread "C2 CompilerThread0" daemon [_thread_blocked, id=19459, stack(0x0000700000fca000,0x00007000010ca000)]
  0x00007fe9ec81a000 JavaThread "Signal Dispatcher" daemon [_thread_blocked, id=18707, stack(0x0000700000ec7000,0x0000700000fc7000)]
  0x00007fe9eb809000 JavaThread "Finalizer" daemon [_thread_blocked, id=14339, stack(0x0000700000c3b000,0x0000700000d3b000)]
  0x00007fe9eb806000 JavaThread "Reference Handler" daemon [_thread_blocked, id=13827, stack(0x0000700000b38000,0x0000700000c38000)]
  0x00007fe9eb010800 JavaThread "main" [_thread_blocked, id=3079, stack(0x000070000011a000,0x000070000021a000)]

Other Threads:
  0x00007fe9eb070800 VMThread [stack: 0x0000700000a35000,0x0000700000b35000] [id=13315]
  0x00007fe9ec853000 WatcherThread [stack: 0x00007000014d9000,0x00007000015d9000] [id=22019]

=>0x00007fe9eb01c800 (exited) GCTaskThread [stack: 0x000070000021d000,0x000070000031d000] [id=6663]

VM state:at safepoint (normal execution)

VM Mutex/Monitor currently owned by a thread:  ([mutex/lock_event])
[0x00007fe9eac16890] Threads_lock - owner thread: 0x00007fe9eb070800
[0x00007fe9eac16d90] Heap_lock - owner thread: 0x00007fe9eb010800

Heap:
 PSYoungGen      total 913408K, used 655360K [0x000000076ab00000, 0x00000007bf400000, 0x00000007c0000000)
  eden space 655360K, 100% used [0x000000076ab00000,0x0000000792b00000,0x0000000792b00000)
  from space 258048K, 0% used [0x0000000792b00000,0x0000000792b00000,0x00000007a2700000)
  to   space 365056K, 0% used [0x00000007a8f80000,0x00000007a8f80000,0x00000007bf400000)
 ParOldGen       total 2796544K, used 2796458K [0x00000006c0000000, 0x000000076ab00000, 0x000000076ab00000)
  object space 2796544K, 99% used [0x00000006c0000000,0x000000076aaeaa08,0x000000076ab00000)
 Metaspace       used 2680K, capacity 4496K, committed 4864K, reserved 1056768K
  class space    used 290K, capacity 388K, committed 512K, reserved 1048576K

Card table byte_map: [0x000000011d172000,0x000000011d973000] byte_map_base: 0x0000000119b72000

Marking Bits: (ParMarkBitMap*) 0x000000010d6efd20
 Begin Bits: [0x000000011dec9000, 0x0000000121ec9000)
 End Bits:   [0x0000000121ec9000, 0x0000000125ec9000)

Polling page: 0x000000010bdfc000

CodeCache: size=245760Kb used=1277Kb max_used=1293Kb free=244482Kb
 bounds [0x000000010ddb2000, 0x000000010e022000, 0x000000011cdb2000]
 total_blobs=328 nmethods=97 adapters=145
 compilation: enabled

Compilation events (10 events):
Event: 0.124 Thread 0x00007fe9eb04b000 nmethod 91 0x000000010dee0b50 code [0x000000010dee0d00, 0x000000010dee1228]
Event: 0.124 Thread 0x00007fe9eb04c800 nmethod 92 0x000000010dee50d0 code [0x000000010dee5280, 0x000000010dee57a8]
Event: 0.146 Thread 0x00007fe9eb80c000   94 %     3       VerticalTree::printVerticalOrderIter @ 42 (312 bytes)
Event: 0.148 Thread 0x00007fe9eb80c000 nmethod 94% 0x000000010dee7c50 code [0x000000010dee8160, 0x000000010deeb3c8]
Event: 0.149 Thread 0x00007fe9eb80c000   95       3       VerticalTree::printVerticalOrderIter (312 bytes)
Event: 0.154 Thread 0x00007fe9eb80c000 nmethod 95 0x000000010deecf90 code [0x000000010deed560, 0x000000010def12e8]
Event: 0.159 Thread 0x00007fe9ec002000   96 %     4       VerticalTree::printVerticalOrderIter @ 42 (312 bytes)
Event: 0.197 Thread 0x00007fe9ec002000 nmethod 96% 0x000000010def3610 code [0x000000010def3940, 0x000000010def5600]
Event: 68.036 Thread 0x00007fe9eb04c800   97 %     4       java.util.HashMap::resize @ 154 (359 bytes)
Event: 68.045 Thread 0x00007fe9eb04c800 nmethod 97% 0x000000010dee2b90 code [0x000000010dee2d20, 0x000000010dee3198]

GC Heap History (10 events):
Event: 132.907 GC heap after
Heap after GC invocations=105 (full 12):
 PSYoungGen      total 913408K, used 333949K [0x000000076ab00000, 0x00000007bf400000, 0x00000007c0000000)
  eden space 655360K, 50% used [0x000000076ab00000,0x000000077f11f7e0,0x0000000792b00000)
  from space 258048K, 0% used [0x0000000792b00000,0x0000000792b00000,0x00000007a2700000)
  to   space 365056K, 0% used [0x00000007a8f80000,0x00000007a8f80000,0x00000007bf400000)
 ParOldGen       total 2796544K, used 2796458K [0x00000006c0000000, 0x000000076ab00000, 0x000000076ab00000)
  object space 2796544K, 99% used [0x00000006c0000000,0x000000076aaeaa08,0x000000076ab00000)
 Metaspace       used 2680K, capacity 4496K, committed 4864K, reserved 1056768K
  class space    used 290K, capacity 388K, committed 512K, reserved 1048576K
}
Event: 133.904 GC heap before
{Heap before GC invocations=106 (full 13):
 PSYoungGen      total 913408K, used 655360K [0x000000076ab00000, 0x00000007bf400000, 0x00000007c0000000)
  eden space 655360K, 100% used [0x000000076ab00000,0x0000000792b00000,0x0000000792b00000)
  from space 258048K, 0% used [0x0000000792b00000,0x0000000792b00000,0x00000007a2700000)
  to   space 365056K, 0% used [0x00000007a8f80000,0x00000007a8f80000,0x00000007bf400000)
 ParOldGen       total 2796544K, used 2796458K [0x00000006c0000000, 0x000000076ab00000, 0x000000076ab00000)
  object space 2796544K, 99% used [0x00000006c0000000,0x000000076aaeaa08,0x000000076ab00000)
 Metaspace       used 2680K, capacity 4496K, committed 4864K, reserved 1056768K
  class space    used 290K, capacity 388K, committed 512K, reserved 1048576K
Event: 156.679 GC heap after
Heap after GC invocations=106 (full 13):
 PSYoungGen      total 913408K, used 354147K [0x000000076ab00000, 0x00000007bf400000, 0x00000007c0000000)
  eden space 655360K, 54% used [0x000000076ab00000,0x00000007804d8cc0,0x0000000792b00000)
  from space 258048K, 0% used [0x0000000792b00000,0x0000000792b00000,0x00000007a2700000)
  to   space 365056K, 0% used [0x00000007a8f80000,0x00000007a8f80000,0x00000007bf400000)
 ParOldGen       total 2796544K, used 2796458K [0x00000006c0000000, 0x000000076ab00000, 0x000000076ab00000)
  object space 2796544K, 99% used [0x00000006c0000000,0x000000076aaeaa08,0x000000076ab00000)
 Metaspace       used 2680K, capacity 4496K, committed 4864K, reserved 1056768K
  class space    used 290K, capacity 388K, committed 512K, reserved 1048576K
}
Event: 158.104 GC heap before
{Heap before GC invocations=107 (full 14):
 PSYoungGen      total 913408K, used 655177K [0x000000076ab00000, 0x00000007bf400000, 0x00000007c0000000)
  eden space 655360K, 99% used [0x000000076ab00000,0x0000000792ad24e8,0x0000000792b00000)
  from space 258048K, 0% used [0x0000000792b00000,0x0000000792b00000,0x00000007a2700000)
  to   space 365056K, 0% used [0x00000007a8f80000,0x00000007a8f80000,0x00000007bf400000)
 ParOldGen       total 2796544K, used 2796458K [0x00000006c0000000, 0x000000076ab00000, 0x000000076ab00000)
  object space 2796544K, 99% used [0x00000006c0000000,0x000000076aaeaa08,0x000000076ab00000)
 Metaspace       used 2680K, capacity 4496K, committed 4864K, reserved 1056768K
  class space    used 290K, capacity 388K, committed 512K, reserved 1048576K
Event: 178.255 GC heap after
Heap after GC invocations=107 (full 14):
 PSYoungGen      total 913408K, used 372960K [0x000000076ab00000, 0x00000007bf400000, 0x00000007c0000000)
  eden space 655360K, 56% used [0x000000076ab00000,0x00000007817380b8,0x0000000792b00000)
  from space 258048K, 0% used [0x0000000792b00000,0x0000000792b00000,0x00000007a2700000)
  to   space 365056K, 0% used [0x00000007a8f80000,0x00000007a8f80000,0x00000007bf400000)
 ParOldGen       total 2796544K, used 2796458K [0x00000006c0000000, 0x000000076ab00000, 0x000000076ab00000)
  object space 2796544K, 99% used [0x00000006c0000000,0x000000076aaeaa08,0x000000076ab00000)
 Metaspace       used 2680K, capacity 4496K, committed 4864K, reserved 1056768K
  class space    used 290K, capacity 388K, committed 512K, reserved 1048576K
}
Event: 179.752 GC heap before
{Heap before GC invocations=108 (full 15):
 PSYoungGen      total 913408K, used 655360K [0x000000076ab00000, 0x00000007bf400000, 0x00000007c0000000)
  eden space 655360K, 100% used [0x000000076ab00000,0x0000000792b00000,0x0000000792b00000)
  from space 258048K, 0% used [0x0000000792b00000,0x0000000792b00000,0x00000007a2700000)
  to   space 365056K, 0% used [0x00000007a8f80000,0x00000007a8f80000,0x00000007bf400000)
 ParOldGen       total 2796544K, used 2796458K [0x00000006c0000000, 0x000000076ab00000, 0x000000076ab00000)
  object space 2796544K, 99% used [0x00000006c0000000,0x000000076aaeaa08,0x000000076ab00000)
 Metaspace       used 2680K, capacity 4496K, committed 4864K, reserved 1056768K
  class space    used 290K, capacity 388K, committed 512K, reserved 1048576K
Event: 234.834 GC heap after
Heap after GC invocations=108 (full 15):
 PSYoungGen      total 913408K, used 390584K [0x000000076ab00000, 0x00000007bf400000, 0x00000007c0000000)
  eden space 655360K, 59% used [0x000000076ab00000,0x000000078286e2b8,0x0000000792b00000)
  from space 258048K, 0% used [0x0000000792b00000,0x0000000792b00000,0x00000007a2700000)
  to   space 365056K, 0% used [0x00000007a8f80000,0x00000007a8f80000,0x00000007bf400000)
 ParOldGen       total 2796544K, used 2796458K [0x00000006c0000000, 0x000000076ab00000, 0x000000076ab00000)
  object space 2796544K, 99% used [0x00000006c0000000,0x000000076aaeaa08,0x000000076ab00000)
 Metaspace       used 2680K, capacity 4496K, committed 4864K, reserved 1056768K
  class space    used 290K, capacity 388K, committed 512K, reserved 1048576K
}
Event: 236.063 GC heap before
{Heap before GC invocations=109 (full 16):
 PSYoungGen      total 913408K, used 655360K [0x000000076ab00000, 0x00000007bf400000, 0x00000007c0000000)
  eden space 655360K, 100% used [0x000000076ab00000,0x0000000792b00000,0x0000000792b00000)
  from space 258048K, 0% used [0x0000000792b00000,0x0000000792b00000,0x00000007a2700000)
  to   space 365056K, 0% used [0x00000007a8f80000,0x00000007a8f80000,0x00000007bf400000)
 ParOldGen       total 2796544K, used 2796458K [0x00000006c0000000, 0x000000076ab00000, 0x000000076ab00000)
  object space 2796544K, 99% used [0x00000006c0000000,0x000000076aaeaa08,0x000000076ab00000)
 Metaspace       used 2680K, capacity 4496K, committed 4864K, reserved 1056768K
  class space    used 290K, capacity 388K, committed 512K, reserved 1048576K
Event: 273.985 GC heap after
Heap after GC invocations=109 (full 16):
 PSYoungGen      total 913408K, used 407115K [0x000000076ab00000, 0x00000007bf400000, 0x00000007c0000000)
  eden space 655360K, 62% used [0x000000076ab00000,0x0000000783892f80,0x0000000792b00000)
  from space 258048K, 0% used [0x0000000792b00000,0x0000000792b00000,0x00000007a2700000)
  to   space 365056K, 0% used [0x00000007a8f80000,0x00000007a8f80000,0x00000007bf400000)
 ParOldGen       total 2796544K, used 2796458K [0x00000006c0000000, 0x000000076ab00000, 0x000000076ab00000)
  object space 2796544K, 99% used [0x00000006c0000000,0x000000076aaeaa08,0x000000076ab00000)
 Metaspace       used 2680K, capacity 4496K, committed 4864K, reserved 1056768K
  class space    used 290K, capacity 388K, committed 512K, reserved 1048576K
}
Event: 276.483 GC heap before
{Heap before GC invocations=110 (full 17):
 PSYoungGen      total 913408K, used 655360K [0x000000076ab00000, 0x00000007bf400000, 0x00000007c0000000)
  eden space 655360K, 100% used [0x000000076ab00000,0x0000000792b00000,0x0000000792b00000)
  from space 258048K, 0% used [0x0000000792b00000,0x0000000792b00000,0x00000007a2700000)
  to   space 365056K, 0% used [0x00000007a8f80000,0x00000007a8f80000,0x00000007bf400000)
 ParOldGen       total 2796544K, used 2796458K [0x00000006c0000000, 0x000000076ab00000, 0x000000076ab00000)
  object space 2796544K, 99% used [0x00000006c0000000,0x000000076aaeaa08,0x000000076ab00000)
 Metaspace       used 2680K, capacity 4496K, committed 4864K, reserved 1056768K
  class space    used 290K, capacity 388K, committed 512K, reserved 1048576K

Deoptimization events (9 events):
Event: 0.113 Thread 0x00007fe9eb010800 Uncommon trap: reason=unstable_if action=reinterpret pc=0x000000010dedaea0 method=java.lang.Integer.valueOf(I)Ljava/lang/Integer; @ 10
Event: 0.113 Thread 0x00007fe9eb010800 Uncommon trap: reason=class_check action=maybe_recompile pc=0x000000010deda948 method=java.util.HashMap.getNode(ILjava/lang/Object;)Ljava/util/HashMap$Node; @ 59
Event: 0.113 Thread 0x00007fe9eb010800 Uncommon trap: reason=class_check action=maybe_recompile pc=0x000000010deda948 method=java.util.HashMap.getNode(ILjava/lang/Object;)Ljava/util/HashMap$Node; @ 59
Event: 0.113 Thread 0x00007fe9eb010800 Uncommon trap: reason=unstable_if action=reinterpret pc=0x000000010deddd28 method=java.util.HashMap.putVal(ILjava/lang/Object;Ljava/lang/Object;ZZ)Ljava/lang/Object; @ 81
Event: 0.113 Thread 0x00007fe9eb010800 Uncommon trap: reason=class_check action=maybe_recompile pc=0x000000010deda948 method=java.util.HashMap.getNode(ILjava/lang/Object;)Ljava/util/HashMap$Node; @ 59
Event: 0.113 Thread 0x00007fe9eb010800 Uncommon trap: reason=class_check action=maybe_recompile pc=0x000000010deda948 method=java.util.HashMap.getNode(ILjava/lang/Object;)Ljava/util/HashMap$Node; @ 59
Event: 0.113 Thread 0x00007fe9eb010800 Uncommon trap: reason=unstable_if action=reinterpret pc=0x000000010ded9ff4 method=java.util.HashMap.putVal(ILjava/lang/Object;Ljava/lang/Object;ZZ)Ljava/lang/Object; @ 81
Event: 0.113 Thread 0x00007fe9eb010800 Uncommon trap: reason=class_check action=maybe_recompile pc=0x000000010ded9018 method=java.util.HashMap.getNode(ILjava/lang/Object;)Ljava/util/HashMap$Node; @ 59
Event: 0.238 Thread 0x00007fe9eb809000 Uncommon trap: reason=unstable_if action=reinterpret pc=0x000000010ded97bc method=java.util.ArrayDeque.pollFirst()Ljava/lang/Object; @ 13

Internal exceptions (10 events):
Event: 0.086 Thread 0x00007fe9eb010800 Exception <a 'java/security/PrivilegedActionException'> (0x000000076aba4870) thrown at [/Users/java_re/workspace/8-2-build-macosx-x86_64/jdk8u102/7268/hotspot/src/share/vm/prims/jvm.cpp, line 1386]
Event: 0.087 Thread 0x00007fe9eb010800 Exception <a 'java/util/zip/ZipException'> (0x000000076aba55f0) thrown at [/Users/java_re/workspace/8-2-build-macosx-x86_64/jdk8u102/7268/hotspot/src/share/vm/prims/jni.cpp, line 709]
Event: 0.087 Thread 0x00007fe9eb010800 Exception <a 'java/security/PrivilegedActionException'> (0x000000076aba57f8) thrown at [/Users/java_re/workspace/8-2-build-macosx-x86_64/jdk8u102/7268/hotspot/src/share/vm/prims/jvm.cpp, line 1386]
Event: 0.087 Thread 0x00007fe9eb010800 Exception <a 'java/security/PrivilegedActionException'> (0x000000076aba5a08) thrown at [/Users/java_re/workspace/8-2-build-macosx-x86_64/jdk8u102/7268/hotspot/src/share/vm/prims/jvm.cpp, line 1386]
Event: 0.088 Thread 0x00007fe9eb010800 Exception <a 'java/util/zip/ZipException'> (0x000000076aba6788) thrown at [/Users/java_re/workspace/8-2-build-macosx-x86_64/jdk8u102/7268/hotspot/src/share/vm/prims/jni.cpp, line 709]
Event: 0.088 Thread 0x00007fe9eb010800 Exception <a 'java/security/PrivilegedActionException'> (0x000000076aba6990) thrown at [/Users/java_re/workspace/8-2-build-macosx-x86_64/jdk8u102/7268/hotspot/src/share/vm/prims/jvm.cpp, line 1386]
Event: 0.088 Thread 0x00007fe9eb010800 Exception <a 'java/security/PrivilegedActionException'> (0x000000076aba6ba0) thrown at [/Users/java_re/workspace/8-2-build-macosx-x86_64/jdk8u102/7268/hotspot/src/share/vm/prims/jvm.cpp, line 1386]
Event: 0.089 Thread 0x00007fe9eb010800 Exception <a 'java/util/zip/ZipException'> (0x000000076abb83d8) thrown at [/Users/java_re/workspace/8-2-build-macosx-x86_64/jdk8u102/7268/hotspot/src/share/vm/prims/jni.cpp, line 709]
Event: 0.089 Thread 0x00007fe9eb010800 Exception <a 'java/security/PrivilegedActionException'> (0x000000076abb85e0) thrown at [/Users/java_re/workspace/8-2-build-macosx-x86_64/jdk8u102/7268/hotspot/src/share/vm/prims/jvm.cpp, line 1386]
Event: 0.089 Thread 0x00007fe9eb010800 Exception <a 'java/security/PrivilegedActionException'> (0x000000076abb87f0) thrown at [/Users/java_re/workspace/8-2-build-macosx-x86_64/jdk8u102/7268/hotspot/src/share/vm/prims/jvm.cpp, line 1386]

Events (10 events):
Event: 132.908 Executing VM operation: ParallelGCFailedAllocation done
Event: 133.904 Executing VM operation: ParallelGCFailedAllocation
Event: 156.679 Executing VM operation: ParallelGCFailedAllocation done
Event: 158.104 Executing VM operation: ParallelGCFailedAllocation
Event: 178.255 Executing VM operation: ParallelGCFailedAllocation done
Event: 179.752 Executing VM operation: ParallelGCFailedAllocation
Event: 234.834 Executing VM operation: ParallelGCFailedAllocation done
Event: 236.063 Executing VM operation: ParallelGCFailedAllocation
Event: 273.986 Executing VM operation: ParallelGCFailedAllocation done
Event: 276.483 Executing VM operation: ParallelGCFailedAllocation


Dynamic libraries:
0x0000000000508000 	/System/Library/Frameworks/Cocoa.framework/Versions/A/Cocoa
0x0000000000508000 	/System/Library/Frameworks/Security.framework/Versions/A/Security
0x0000000000508000 	/System/Library/Frameworks/ApplicationServices.framework/Versions/A/ApplicationServices
0x0000000000508000 	/usr/lib/libz.1.dylib
0x0000000000508000 	/usr/lib/libSystem.B.dylib
0x0000000000508000 	/usr/lib/libobjc.A.dylib
0x0000000000508000 	/System/Library/Frameworks/CoreFoundation.framework/Versions/A/CoreFoundation
0x0000000000508000 	/System/Library/Frameworks/Foundation.framework/Versions/C/Foundation
0x0000000000508000 	/System/Library/Frameworks/AppKit.framework/Versions/C/AppKit
0x0000000000508000 	/System/Library/Frameworks/CoreData.framework/Versions/A/CoreData
0x0000000000508000 	/System/Library/PrivateFrameworks/RemoteViewServices.framework/Versions/A/RemoteViewServices
0x0000000000508000 	/System/Library/PrivateFrameworks/UIFoundation.framework/Versions/A/UIFoundation
0x0000000000508000 	/usr/lib/libScreenReader.dylib
0x0000000000508000 	/System/Library/Frameworks/Accelerate.framework/Versions/A/Accelerate
0x0000000000508000 	/System/Library/Frameworks/IOSurface.framework/Versions/A/IOSurface
0x0000000000508000 	/System/Library/Frameworks/AudioToolbox.framework/Versions/A/AudioToolbox
0x0000000000508000 	/System/Library/Frameworks/AudioUnit.framework/Versions/A/AudioUnit
0x0000000000508000 	/System/Library/PrivateFrameworks/DataDetectorsCore.framework/Versions/A/DataDetectorsCore
0x0000000000508000 	/System/Library/PrivateFrameworks/DesktopServicesPriv.framework/Versions/A/DesktopServicesPriv
0x0000000000508000 	/System/Library/Frameworks/Carbon.framework/Versions/A/Frameworks/HIToolbox.framework/Versions/A/HIToolbox
0x0000000000508000 	/System/Library/Frameworks/QuartzCore.framework/Versions/A/QuartzCore
0x0000000000508000 	/System/Library/Frameworks/Carbon.framework/Versions/A/Frameworks/SpeechRecognition.framework/Versions/A/SpeechRecognition
0x0000000000508000 	/usr/lib/libauto.dylib
0x0000000000508000 	/usr/lib/libicucore.A.dylib
0x0000000000508000 	/usr/lib/libxml2.2.dylib
0x0000000000508000 	/System/Library/PrivateFrameworks/CoreUI.framework/Versions/A/CoreUI
0x0000000000508000 	/System/Library/Frameworks/CoreAudio.framework/Versions/A/CoreAudio
0x0000000000508000 	/System/Library/Frameworks/DiskArbitration.framework/Versions/A/DiskArbitration
0x0000000000508000 	/usr/lib/liblangid.dylib
0x0000000000508000 	/System/Library/PrivateFrameworks/MultitouchSupport.framework/Versions/A/MultitouchSupport
0x0000000000508000 	/System/Library/Frameworks/IOKit.framework/Versions/A/IOKit
0x0000000000508000 	/usr/lib/libDiagnosticMessagesClient.dylib
0x0000000000508000 	/System/Library/Frameworks/CoreServices.framework/Versions/A/CoreServices
0x0000000000508000 	/System/Library/PrivateFrameworks/PerformanceAnalysis.framework/Versions/A/PerformanceAnalysis
0x0000000000508000 	/System/Library/PrivateFrameworks/GenerationalStorage.framework/Versions/A/GenerationalStorage
0x0000000000508000 	/System/Library/Frameworks/OpenGL.framework/Versions/A/OpenGL
0x0000000000508000 	/System/Library/PrivateFrameworks/Sharing.framework/Versions/A/Sharing
0x0000000000508000 	/System/Library/Frameworks/CoreGraphics.framework/Versions/A/CoreGraphics
0x0000000000508000 	/System/Library/Frameworks/CoreImage.framework/Versions/A/CoreImage
0x0000000000508000 	/System/Library/Frameworks/CoreText.framework/Versions/A/CoreText
0x0000000000508000 	/System/Library/Frameworks/ImageIO.framework/Versions/A/ImageIO
0x0000000000508000 	/System/Library/PrivateFrameworks/Backup.framework/Versions/A/Backup
0x0000000000508000 	/usr/lib/libextension.dylib
0x0000000000508000 	/usr/lib/libarchive.2.dylib
0x0000000000508000 	/System/Library/Frameworks/CFNetwork.framework/Versions/A/CFNetwork
0x0000000000508000 	/System/Library/Frameworks/SystemConfiguration.framework/Versions/A/SystemConfiguration
0x0000000000508000 	/usr/lib/libCRFSuite.dylib
0x0000000000508000 	/usr/lib/libc++.1.dylib
0x0000000000508000 	/usr/lib/libc++abi.dylib
0x0000000000508000 	/usr/lib/system/libcache.dylib
0x0000000000508000 	/usr/lib/system/libcommonCrypto.dylib
0x0000000000508000 	/usr/lib/system/libcompiler_rt.dylib
0x0000000000508000 	/usr/lib/system/libcopyfile.dylib
0x0000000000508000 	/usr/lib/system/libcorecrypto.dylib
0x0000000000508000 	/usr/lib/system/libdispatch.dylib
0x0000000000508000 	/usr/lib/system/libdyld.dylib
0x0000000000508000 	/usr/lib/system/libkeymgr.dylib
0x0000000000508000 	/usr/lib/system/liblaunch.dylib
0x0000000000508000 	/usr/lib/system/libmacho.dylib
0x0000000000508000 	/usr/lib/system/libquarantine.dylib
0x0000000000508000 	/usr/lib/system/libremovefile.dylib
0x0000000000508000 	/usr/lib/system/libsystem_asl.dylib
0x0000000000508000 	/usr/lib/system/libsystem_blocks.dylib
0x0000000000508000 	/usr/lib/system/libsystem_c.dylib
0x0000000000508000 	/usr/lib/system/libsystem_configuration.dylib
0x0000000000508000 	/usr/lib/system/libsystem_coreservices.dylib
0x0000000000508000 	/usr/lib/system/libsystem_coretls.dylib
0x0000000000508000 	/usr/lib/system/libsystem_dnssd.dylib
0x0000000000508000 	/usr/lib/system/libsystem_info.dylib
0x0000000000508000 	/usr/lib/system/libsystem_kernel.dylib
0x0000000000508000 	/usr/lib/system/libsystem_m.dylib
0x0000000000508000 	/usr/lib/system/libsystem_malloc.dylib
0x0000000000508000 	/usr/lib/system/libsystem_network.dylib
0x0000000000508000 	/usr/lib/system/libsystem_networkextension.dylib
0x0000000000508000 	/usr/lib/system/libsystem_notify.dylib
0x0000000000508000 	/usr/lib/system/libsystem_platform.dylib
0x0000000000508000 	/usr/lib/system/libsystem_pthread.dylib
0x0000000000508000 	/usr/lib/system/libsystem_sandbox.dylib
0x0000000000508000 	/usr/lib/system/libsystem_secinit.dylib
0x0000000000508000 	/usr/lib/system/libsystem_trace.dylib
0x0000000000508000 	/usr/lib/system/libunc.dylib
0x0000000000508000 	/usr/lib/system/libunwind.dylib
0x0000000000508000 	/usr/lib/system/libxpc.dylib
0x0000000000508000 	/usr/lib/libenergytrace.dylib
0x0000000000508000 	/usr/lib/libbsm.0.dylib
0x0000000000508000 	/usr/lib/system/libkxld.dylib
0x0000000000508000 	/usr/lib/libxar.1.dylib
0x0000000000508000 	/usr/lib/libsqlite3.dylib
0x0000000000508000 	/usr/lib/libpam.2.dylib
0x0000000000508000 	/usr/lib/libOpenScriptingUtil.dylib
0x0000000000508000 	/usr/lib/libbz2.1.0.dylib
0x0000000000508000 	/usr/lib/liblzma.5.dylib
0x0000000000508000 	/System/Library/Frameworks/CoreServices.framework/Versions/A/Frameworks/FSEvents.framework/Versions/A/FSEvents
0x0000000000508000 	/System/Library/Frameworks/CoreServices.framework/Versions/A/Frameworks/CarbonCore.framework/Versions/A/CarbonCore
0x0000000000508000 	/System/Library/Frameworks/CoreServices.framework/Versions/A/Frameworks/Metadata.framework/Versions/A/Metadata
0x0000000000508000 	/System/Library/Frameworks/CoreServices.framework/Versions/A/Frameworks/OSServices.framework/Versions/A/OSServices
0x0000000000508000 	/System/Library/Frameworks/CoreServices.framework/Versions/A/Frameworks/SearchKit.framework/Versions/A/SearchKit
0x0000000000508000 	/System/Library/Frameworks/CoreServices.framework/Versions/A/Frameworks/AE.framework/Versions/A/AE
0x0000000000508000 	/System/Library/Frameworks/CoreServices.framework/Versions/A/Frameworks/LaunchServices.framework/Versions/A/LaunchServices
0x0000000000508000 	/System/Library/Frameworks/CoreServices.framework/Versions/A/Frameworks/DictionaryServices.framework/Versions/A/DictionaryServices
0x0000000000508000 	/System/Library/Frameworks/CoreServices.framework/Versions/A/Frameworks/SharedFileList.framework/Versions/A/SharedFileList
0x0000000000508000 	/System/Library/Frameworks/NetFS.framework/Versions/A/NetFS
0x0000000000508000 	/System/Library/PrivateFrameworks/NetAuth.framework/Versions/A/NetAuth
0x0000000000508000 	/System/Library/PrivateFrameworks/login.framework/Versions/A/Frameworks/loginsupport.framework/Versions/A/loginsupport
0x0000000000508000 	/System/Library/PrivateFrameworks/TCC.framework/Versions/A/TCC
0x0000000000508000 	/usr/lib/libmecabra.dylib
0x0000000000508000 	/System/Library/Frameworks/ApplicationServices.framework/Versions/A/Frameworks/ATS.framework/Versions/A/ATS
0x0000000000508000 	/System/Library/Frameworks/ApplicationServices.framework/Versions/A/Frameworks/ColorSync.framework/Versions/A/ColorSync
0x0000000000508000 	/System/Library/Frameworks/ApplicationServices.framework/Versions/A/Frameworks/HIServices.framework/Versions/A/HIServices
0x0000000000508000 	/System/Library/Frameworks/ApplicationServices.framework/Versions/A/Frameworks/LangAnalysis.framework/Versions/A/LangAnalysis
0x0000000000508000 	/System/Library/Frameworks/ApplicationServices.framework/Versions/A/Frameworks/PrintCore.framework/Versions/A/PrintCore
0x0000000000508000 	/System/Library/Frameworks/ApplicationServices.framework/Versions/A/Frameworks/QD.framework/Versions/A/QD
0x0000000000508000 	/System/Library/Frameworks/ApplicationServices.framework/Versions/A/Frameworks/SpeechSynthesis.framework/Versions/A/SpeechSynthesis
0x0000000000508000 	/System/Library/Frameworks/Metal.framework/Versions/A/Metal
0x0000000000508000 	/System/Library/Frameworks/Accelerate.framework/Versions/A/Frameworks/vImage.framework/Versions/A/vImage
0x0000000000508000 	/System/Library/Frameworks/Accelerate.framework/Versions/A/Frameworks/vecLib.framework/Versions/A/vecLib
0x0000000000508000 	/System/Library/Frameworks/Accelerate.framework/Versions/A/Frameworks/vecLib.framework/Versions/A/libvDSP.dylib
0x0000000000508000 	/System/Library/Frameworks/Accelerate.framework/Versions/A/Frameworks/vecLib.framework/Versions/A/libvMisc.dylib
0x0000000000508000 	/System/Library/Frameworks/Accelerate.framework/Versions/A/Frameworks/vecLib.framework/Versions/A/libLAPACK.dylib
0x0000000000508000 	/System/Library/Frameworks/Accelerate.framework/Versions/A/Frameworks/vecLib.framework/Versions/A/libBLAS.dylib
0x0000000000508000 	/System/Library/Frameworks/Accelerate.framework/Versions/A/Frameworks/vecLib.framework/Versions/A/libLinearAlgebra.dylib
0x0000000000508000 	/System/Library/Frameworks/Accelerate.framework/Versions/A/Frameworks/vecLib.framework/Versions/A/libSparseBLAS.dylib
0x0000000000508000 	/System/Library/PrivateFrameworks/GPUCompiler.framework/libmetal_timestamp.dylib
0x0000000000508000 	/System/Library/Frameworks/OpenGL.framework/Versions/A/Libraries/libCoreFSCache.dylib
0x0000000000508000 	/System/Library/PrivateFrameworks/IOAccelerator.framework/Versions/A/IOAccelerator
0x0000000000508000 	/System/Library/Frameworks/ApplicationServices.framework/Versions/A/Frameworks/ATS.framework/Versions/A/Resources/libFontParser.dylib
0x0000000000508000 	/System/Library/Frameworks/ApplicationServices.framework/Versions/A/Frameworks/ATS.framework/Versions/A/Resources/libFontRegistry.dylib
0x0000000000508000 	/System/Library/PrivateFrameworks/AppleVPA.framework/Versions/A/AppleVPA
0x0000000000508000 	/System/Library/PrivateFrameworks/AppleJPEG.framework/Versions/A/AppleJPEG
0x0000000000508000 	/System/Library/Frameworks/ImageIO.framework/Versions/A/Resources/libJPEG.dylib
0x0000000000508000 	/System/Library/Frameworks/ImageIO.framework/Versions/A/Resources/libTIFF.dylib
0x0000000000508000 	/System/Library/Frameworks/ImageIO.framework/Versions/A/Resources/libPng.dylib
0x0000000000508000 	/System/Library/Frameworks/ImageIO.framework/Versions/A/Resources/libGIF.dylib
0x0000000000508000 	/System/Library/Frameworks/ImageIO.framework/Versions/A/Resources/libJP2.dylib
0x0000000000508000 	/System/Library/Frameworks/ImageIO.framework/Versions/A/Resources/libRadiance.dylib
0x0000000000508000 	/System/Library/Frameworks/CoreVideo.framework/Versions/A/CoreVideo
0x0000000000508000 	/System/Library/Frameworks/OpenGL.framework/Versions/A/Libraries/libGLU.dylib
0x0000000000508000 	/System/Library/Frameworks/OpenGL.framework/Versions/A/Libraries/libGFXShared.dylib
0x0000000000508000 	/System/Library/Frameworks/OpenGL.framework/Versions/A/Libraries/libGL.dylib
0x0000000000508000 	/System/Library/Frameworks/OpenGL.framework/Versions/A/Libraries/libGLImage.dylib
0x0000000000508000 	/System/Library/Frameworks/OpenGL.framework/Versions/A/Libraries/libCVMSPluginSupport.dylib
0x0000000000508000 	/System/Library/Frameworks/OpenGL.framework/Versions/A/Libraries/libCoreVMClient.dylib
0x0000000000508000 	/usr/lib/libcups.2.dylib
0x0000000000508000 	/System/Library/Frameworks/Kerberos.framework/Versions/A/Kerberos
0x0000000000508000 	/System/Library/Frameworks/GSS.framework/Versions/A/GSS
0x0000000000508000 	/usr/lib/libresolv.9.dylib
0x0000000000508000 	/usr/lib/libiconv.2.dylib
0x0000000000508000 	/System/Library/PrivateFrameworks/Heimdal.framework/Versions/A/Heimdal
0x0000000000508000 	/usr/lib/libheimdal-asn1.dylib
0x0000000000508000 	/System/Library/Frameworks/OpenDirectory.framework/Versions/A/OpenDirectory
0x0000000000508000 	/System/Library/PrivateFrameworks/CommonAuth.framework/Versions/A/CommonAuth
0x0000000000508000 	/System/Library/Frameworks/OpenDirectory.framework/Versions/A/Frameworks/CFOpenDirectory.framework/Versions/A/CFOpenDirectory
0x0000000000508000 	/System/Library/Frameworks/SecurityFoundation.framework/Versions/A/SecurityFoundation
0x0000000000508000 	/System/Library/PrivateFrameworks/LanguageModeling.framework/Versions/A/LanguageModeling
0x0000000000508000 	/usr/lib/libmarisa.dylib
0x0000000000508000 	/usr/lib/libChineseTokenizer.dylib
0x0000000000508000 	/usr/lib/libcmph.dylib
0x0000000000508000 	/usr/lib/libcompression.dylib
0x0000000000508000 	/System/Library/Frameworks/ServiceManagement.framework/Versions/A/ServiceManagement
0x0000000000508000 	/usr/lib/libxslt.1.dylib
0x0000000000508000 	/System/Library/Frameworks/Carbon.framework/Versions/A/Frameworks/Ink.framework/Versions/A/Ink
0x0000000000508000 	/usr/lib/libFosl_dynamic.dylib
0x0000000000508000 	/System/Library/PrivateFrameworks/FaceCore.framework/Versions/A/FaceCore
0x0000000000508000 	/System/Library/Frameworks/OpenCL.framework/Versions/A/OpenCL
0x0000000000508000 	/System/Library/PrivateFrameworks/CrashReporterSupport.framework/Versions/A/CrashReporterSupport
0x0000000000508000 	/System/Library/PrivateFrameworks/IconServices.framework/Versions/A/IconServices
0x0000000000508000 	/System/Library/PrivateFrameworks/Apple80211.framework/Versions/A/Apple80211
0x0000000000508000 	/System/Library/Frameworks/CoreWLAN.framework/Versions/A/CoreWLAN
0x0000000000508000 	/System/Library/Frameworks/IOBluetooth.framework/Versions/A/IOBluetooth
0x0000000000508000 	/System/Library/PrivateFrameworks/CoreWiFi.framework/Versions/A/CoreWiFi
0x0000000000508000 	/System/Library/Frameworks/CoreBluetooth.framework/Versions/A/CoreBluetooth
0x0000000000508000 	/System/Library/PrivateFrameworks/ChunkingLibrary.framework/Versions/A/ChunkingLibrary
0x0000000000508000 	/System/Library/PrivateFrameworks/DebugSymbols.framework/Versions/A/DebugSymbols
0x0000000000508000 	/System/Library/PrivateFrameworks/CoreSymbolication.framework/Versions/A/CoreSymbolication
0x0000000000508000 	/System/Library/PrivateFrameworks/Symbolication.framework/Versions/A/Symbolication
0x0000000000508000 	/System/Library/PrivateFrameworks/SpeechRecognitionCore.framework/Versions/A/SpeechRecognitionCore
0x000000010ce00000 	/Library/Java/JavaVirtualMachines/jdk1.8.0_102.jdk/Contents/Home/jre/lib/server/libjvm.dylib
0x0000000000508000 	/usr/lib/libstdc++.6.dylib
0x000000010bdb9000 	/Library/Java/JavaVirtualMachines/jdk1.8.0_102.jdk/Contents/Home/jre/lib/libverify.dylib
0x000000010bdc7000 	/Library/Java/JavaVirtualMachines/jdk1.8.0_102.jdk/Contents/Home/jre/lib/libjava.dylib
0x000000010dda9000 	/Library/Java/JavaVirtualMachines/jdk1.8.0_102.jdk/Contents/Home/jre/lib/libzip.dylib
0x0000000128e68000 	/System/Library/Frameworks/JavaVM.framework/Frameworks/JavaRuntimeSupport.framework/JavaRuntimeSupport
0x0000000128e83000 	/System/Library/Frameworks/JavaVM.framework/Versions/A/Frameworks/JavaNativeFoundation.framework/Versions/A/JavaNativeFoundation
0x0000000128e98000 	/System/Library/Frameworks/JavaVM.framework/Versions/A/JavaVM
0x0000000000508000 	/System/Library/Frameworks/Carbon.framework/Versions/A/Carbon
0x0000000128ea5000 	/System/Library/PrivateFrameworks/JavaLaunching.framework/Versions/A/JavaLaunching
0x0000000000508000 	/System/Library/Frameworks/Carbon.framework/Versions/A/Frameworks/CommonPanels.framework/Versions/A/CommonPanels
0x0000000000508000 	/System/Library/Frameworks/Carbon.framework/Versions/A/Frameworks/Help.framework/Versions/A/Help
0x0000000000508000 	/System/Library/Frameworks/Carbon.framework/Versions/A/Frameworks/ImageCapture.framework/Versions/A/ImageCapture
0x0000000000508000 	/System/Library/Frameworks/Carbon.framework/Versions/A/Frameworks/OpenScripting.framework/Versions/A/OpenScripting
0x0000000000508000 	/System/Library/Frameworks/Carbon.framework/Versions/A/Frameworks/Print.framework/Versions/A/Print
0x0000000000508000 	/System/Library/Frameworks/Carbon.framework/Versions/A/Frameworks/SecurityHI.framework/Versions/A/SecurityHI

VM Arguments:
java_command: Application
java_class_path (initial): /tmp
Launcher Type: SUN_STANDARD

Environment Variables:
PATH=/Users/musheer-3761/.rbenv/shims:/usr/local/bin:/usr/bin:/bin:/usr/sbin:/sbin
SHELL=/bin/bash

Signal Handlers:
SIGSEGV: [libjvm.dylib+0x5b0579], sa_mask[0]=11111111011111110111111111111111, sa_flags=SA_ONSTACK|SA_RESTART|SA_SIGINFO
SIGBUS: [libjvm.dylib+0x5b0579], sa_mask[0]=11111111011111110111111111111111, sa_flags=SA_RESTART|SA_SIGINFO
SIGFPE: [libjvm.dylib+0x4874e4], sa_mask[0]=11111111011111110111111111111111, sa_flags=SA_RESTART|SA_SIGINFO
SIGPIPE: [libjvm.dylib+0x4874e4], sa_mask[0]=11111111011111110111111111111111, sa_flags=SA_RESTART|SA_SIGINFO
SIGXFSZ: [libjvm.dylib+0x4874e4], sa_mask[0]=11111111011111110111111111111111, sa_flags=SA_RESTART|SA_SIGINFO
SIGILL: [libjvm.dylib+0x4874e4], sa_mask[0]=11111111011111110111111111111111, sa_flags=SA_RESTART|SA_SIGINFO
SIGUSR1: SIG_DFL, sa_mask[0]=00000000000000000000000000000000, sa_flags=none
SIGUSR2: [libjvm.dylib+0x487002], sa_mask[0]=00000000000000000000000000000000, sa_flags=SA_RESTART|SA_SIGINFO
SIGHUP: [libjvm.dylib+0x4855d9], sa_mask[0]=11111111011111110111111111111111, sa_flags=SA_RESTART|SA_SIGINFO
SIGINT: SIG_IGN, sa_mask[0]=00000000000000000000000000000000, sa_flags=none
SIGTERM: [libjvm.dylib+0x4855d9], sa_mask[0]=11111111011111110111111111111111, sa_flags=SA_RESTART|SA_SIGINFO
SIGQUIT: [libjvm.dylib+0x4855d9], sa_mask[0]=11111111011111110111111111111111, sa_flags=SA_RESTART|SA_SIGINFO


---------------  S Y S T E M  ---------------

OS:Bsduname:Darwin 15.3.0 Darwin Kernel Version 15.3.0: Thu Dec 10 18:40:58 PST 2015; root:xnu-3248.30.4~1/RELEASE_X86_64 x86_64
rlimit: STACK 8192k, CORE 0k, NPROC 709, NOFILE 10240, AS infinity
load average:31.18 17.23 8.78

CPU:total 8 (4 cores per cpu, 2 threads per core) family 6 model 42 stepping 7, cmov, cx8, fxsr, mmx, sse, sse2, sse3, ssse3, sse4.1, sse4.2, popcnt, avx, aes, clmul, ht, tsc, tscinvbit

Memory: 4k page, physical 16777216k(36260k free)

/proc/meminfo:


vm_info: Java HotSpot(TM) 64-Bit Server VM (25.102-b14) for bsd-amd64 JRE (1.8.0_102-b14), built on Jun 22 2016 11:42:36 by "java_re" with gcc 4.2.1 (Based on Apple Inc. build 5658) (LLVM build 2336.11.00)

time: Mon Aug 15 11:44:21 2016
elapsed time: 296 seconds (0d 0h 4m 56s)

